# JRE version: OpenJDK Runtime Environment 18.9 (11.0.15+10) (build 11.0.15+10)
# Java VM: OpenJDK 64-Bit Server VM 18.9 (11.0.15+10, mixed mode, tiered, compressed oops, g1 gc, windows-amd64)
Heap:
 garbage-first heap   total 120832K, used 91616K [0x0000000080000000, 0x0000000100000000)
  region size 1024K, 9 young (9216K), 3 survivors (3072K)
 Metaspace       used 95424K, capacity 98252K, committed 98440K, reserved 602112K
  class space    used 12525K, capacity 13630K, committed 13696K, reserved 516096K
GC Heap History (20 events):
Event: 30.389 GC heap before
{Heap before GC invocations=35 (full 0):
 garbage-first heap   total 120832K, used 96561K [0x0000000080000000, 0x0000000100000000)
  region size 1024K, 19 young (19456K), 2 survivors (2048K)
 Metaspace       used 86669K, capacity 89129K, committed 89352K, reserved 593920K
  class space    used 11157K, capacity 12188K, committed 12288K, reserved 516096K
}
Event: 30.394 GC heap after
{Heap after GC invocations=36 (full 0):
 garbage-first heap   total 120832K, used 78989K [0x0000000080000000, 0x0000000100000000)
  region size 1024K, 3 young (3072K), 3 survivors (3072K)
 Metaspace       used 86669K, capacity 89129K, committed 89352K, reserved 593920K
  class space    used 11157K, capacity 12188K, committed 12288K, reserved 516096K
}
Event: 30.548 GC heap before
{Heap before GC invocations=36 (full 0):
 garbage-first heap   total 120832K, used 97421K [0x0000000080000000, 0x0000000100000000)
  region size 1024K, 21 young (21504K), 3 survivors (3072K)
 Metaspace       used 86713K, capacity 89229K, committed 89352K, reserved 593920K
  class space    used 11163K, capacity 12223K, committed 12288K, reserved 516096K
}
Event: 30.555 GC heap after
{Heap after GC invocations=37 (full 0):
 garbage-first heap   total 120832K, used 80251K [0x0000000080000000, 0x0000000100000000)
  region size 1024K, 3 young (3072K), 3 survivors (3072K)
 Metaspace       used 86713K, capacity 89229K, committed 89352K, reserved 593920K
  class space    used 11163K, capacity 12223K, committed 12288K, reserved 516096K
}
Event: 38.855 GC heap before
{Heap before GC invocations=38 (full 0):
 garbage-first heap   total 120832K, used 98683K [0x0000000080000000, 0x0000000100000000)
  region size 1024K, 21 young (21504K), 3 survivors (3072K)
 Metaspace       used 86816K, capacity 89365K, committed 89608K, reserved 593920K
  class space    used 11171K, capacity 12224K, committed 12288K, reserved 516096K
}
Event: 38.859 GC heap after
{Heap after GC invocations=39 (full 0):
 garbage-first heap   total 120832K, used 81663K [0x0000000080000000, 0x0000000100000000)
  region size 1024K, 3 young (3072K), 3 survivors (3072K)
 Metaspace       used 86816K, capacity 89365K, committed 89608K, reserved 593920K
  class space    used 11171K, capacity 12224K, committed 12288K, reserved 516096K
}
Event: 39.726 GC heap before
{Heap before GC invocations=39 (full 0):
 garbage-first heap   total 120832K, used 83711K [0x0000000080000000, 0x0000000100000000)
  region size 1024K, 5 young (5120K), 3 survivors (3072K)
 Metaspace       used 86950K, capacity 89512K, committed 89608K, reserved 593920K
  class space    used 11189K, capacity 12232K, committed 12288K, reserved 516096K
}
Event: 39.729 GC heap after
{Heap after GC invocations=40 (full 0):
 garbage-first heap   total 120832K, used 80348K [0x0000000080000000, 0x0000000100000000)
  region size 1024K, 1 young (1024K), 1 survivors (1024K)
 Metaspace       used 86950K, capacity 89512K, committed 89608K, reserved 593920K
  class space    used 11189K, capacity 12232K, committed 12288K, reserved 516096K
}
Event: 40.292 GC heap before
{Heap before GC invocations=40 (full 0):
 garbage-first heap   total 120832K, used 98780K [0x0000000080000000, 0x0000000100000000)
  region size 1024K, 19 young (19456K), 1 survivors (1024K)
 Metaspace       used 88379K, capacity 90832K, committed 91016K, reserved 595968K
  class space    used 11368K, capacity 12394K, committed 12416K, reserved 516096K
}
Event: 40.298 GC heap after
{Heap after GC invocations=41 (full 0):
 garbage-first heap   total 120832K, used 81732K [0x0000000080000000, 0x0000000100000000)
  region size 1024K, 2 young (2048K), 2 survivors (2048K)
 Metaspace       used 88379K, capacity 90832K, committed 91016K, reserved 595968K
  class space    used 11368K, capacity 12394K, committed 12416K, reserved 516096K
}
Event: 41.338 GC heap before
{Heap before GC invocations=42 (full 0):
 garbage-first heap   total 120832K, used 100164K [0x0000000080000000, 0x0000000100000000)
  region size 1024K, 20 young (20480K), 2 survivors (2048K)
 Metaspace       used 90675K, capacity 93145K, committed 93192K, reserved 598016K
  class space    used 11743K, capacity 12780K, committed 12800K, reserved 516096K
}
Event: 41.342 GC heap after
{Heap after GC invocations=43 (full 0):
 garbage-first heap   total 120832K, used 82255K [0x0000000080000000, 0x0000000100000000)
  region size 1024K, 1 young (1024K), 1 survivors (1024K)
 Metaspace       used 90675K, capacity 93145K, committed 93192K, reserved 598016K
  class space    used 11743K, capacity 12780K, committed 12800K, reserved 516096K
}
Event: 42.256 GC heap before
{Heap before GC invocations=43 (full 0):
 garbage-first heap   total 120832K, used 100687K [0x0000000080000000, 0x0000000100000000)
  region size 1024K, 19 young (19456K), 1 survivors (1024K)
 Metaspace       used 92949K, capacity 95436K, committed 95752K, reserved 600064K
  class space    used 12158K, capacity 13192K, committed 13312K, reserved 516096K
}
Event: 42.262 GC heap after
{Heap after GC invocations=44 (full 0):
 garbage-first heap   total 120832K, used 83339K [0x0000000080000000, 0x0000000100000000)
  region size 1024K, 2 young (2048K), 2 survivors (2048K)
 Metaspace       used 92949K, capacity 95436K, committed 95752K, reserved 600064K
  class space    used 12158K, capacity 13192K, committed 13312K, reserved 516096K
}
Event: 43.047 GC heap before
{Heap before GC invocations=45 (full 0):
 garbage-first heap   total 120832K, used 101771K [0x0000000080000000, 0x0000000100000000)
  region size 1024K, 20 young (20480K), 2 survivors (2048K)
 Metaspace       used 94215K, capacity 96816K, committed 96904K, reserved 600064K
  class space    used 12336K, capacity 13395K, committed 13440K, reserved 516096K
}
Event: 43.053 GC heap after
{Heap after GC invocations=46 (full 0):
 garbage-first heap   total 120832K, used 85245K [0x0000000080000000, 0x0000000100000000)
  region size 1024K, 3 young (3072K), 3 survivors (3072K)
 Metaspace       used 94215K, capacity 96816K, committed 96904K, reserved 600064K
  class space    used 12336K, capacity 13395K, committed 13440K, reserved 516096K
}
Event: 43.090 GC heap before
{Heap before GC invocations=46 (full 0):
 garbage-first heap   total 120832K, used 87293K [0x0000000080000000, 0x0000000100000000)
  region size 1024K, 5 young (5120K), 3 survivors (3072K)
 Metaspace       used 94241K, capacity 96826K, committed 96904K, reserved 600064K
  class space    used 12338K, capacity 13397K, committed 13440K, reserved 516096K
}
Event: 43.097 GC heap after
{Heap after GC invocations=47 (full 0):
 garbage-first heap   total 120832K, used 85496K [0x0000000080000000, 0x0000000100000000)
  region size 1024K, 1 young (1024K), 1 survivors (1024K)
 Metaspace       used 94241K, capacity 96826K, committed 96904K, reserved 600064K
  class space    used 12338K, capacity 13397K, committed 13440K, reserved 516096K
}
Event: 43.671 GC heap before
{Heap before GC invocations=47 (full 0):
 garbage-first heap   total 120832K, used 101880K [0x0000000080000000, 0x0000000100000000)
  region size 1024K, 17 young (17408K), 1 survivors (1024K)
 Metaspace       used 95314K, capacity 98173K, committed 98440K, reserved 602112K
  class space    used 12525K, capacity 13630K, committed 13696K, reserved 516096K
}
Event: 43.679 GC heap after
{Heap after GC invocations=48 (full 0):
 garbage-first heap   total 120832K, used 87520K [0x0000000080000000, 0x0000000100000000)
  region size 1024K, 3 young (3072K), 3 survivors (3072K)
 Metaspace       used 95314K, capacity 98173K, committed 98440K, reserved 602112K
  class space    used 12525K, capacity 13630K, committed 13696K, reserved 516096K
}

