# JRE version: OpenJDK Runtime Environment 18.9 (11.0.15+10) (build 11.0.15+10)
# Java VM: OpenJDK 64-Bit Server VM 18.9 (11.0.15+10, mixed mode, tiered, compressed oops, g1 gc, windows-amd64)
Heap:
 garbage-first heap   total 215040K, used 172205K [0x0000000080000000, 0x0000000100000000)
  region size 1024K, 12 young (12288K), 3 survivors (3072K)
 Metaspace       used 115076K, capacity 119088K, committed 119300K, reserved 620544K
  class space    used 14911K, capacity 16459K, committed 16588K, reserved 516096K
GC Heap History (20 events):
Event: 45.145 GC heap before
{Heap before GC invocations=69 (full 0):
 garbage-first heap   total 215040K, used 159632K [0x0000000080000000, 0x0000000100000000)
  region size 1024K, 31 young (31744K), 2 survivors (2048K)
 Metaspace       used 101949K, capacity 105455K, committed 105732K, reserved 608256K
  class space    used 13312K, capacity 14700K, committed 14796K, reserved 516096K
}
Event: 45.160 GC heap after
{Heap after GC invocations=70 (full 0):
 garbage-first heap   total 215040K, used 137158K [0x0000000080000000, 0x0000000100000000)
  region size 1024K, 4 young (4096K), 4 survivors (4096K)
 Metaspace       used 101949K, capacity 105455K, committed 105732K, reserved 608256K
  class space    used 13312K, capacity 14700K, committed 14796K, reserved 516096K
}
Event: 45.430 GC heap before
{Heap before GC invocations=70 (full 0):
 garbage-first heap   total 215040K, used 164806K [0x0000000080000000, 0x0000000100000000)
  region size 1024K, 31 young (31744K), 4 survivors (4096K)
 Metaspace       used 103274K, capacity 106828K, committed 106884K, reserved 608256K
  class space    used 13470K, capacity 14901K, committed 14924K, reserved 516096K
}
Event: 45.434 GC heap after
{Heap after GC invocations=71 (full 0):
 garbage-first heap   total 215040K, used 140147K [0x0000000080000000, 0x0000000100000000)
  region size 1024K, 3 young (3072K), 3 survivors (3072K)
 Metaspace       used 103274K, capacity 106828K, committed 106884K, reserved 608256K
  class space    used 13470K, capacity 14901K, committed 14924K, reserved 516096K
}
Event: 45.793 GC heap before
{Heap before GC invocations=71 (full 0):
 garbage-first heap   total 215040K, used 166771K [0x0000000080000000, 0x0000000100000000)
  region size 1024K, 30 young (30720K), 3 survivors (3072K)
 Metaspace       used 104464K, capacity 107945K, committed 108036K, reserved 610304K
  class space    used 13577K, capacity 14987K, committed 15052K, reserved 516096K
}
Event: 45.799 GC heap after
{Heap after GC invocations=72 (full 0):
 garbage-first heap   total 215040K, used 146257K [0x0000000080000000, 0x0000000100000000)
  region size 1024K, 4 young (4096K), 4 survivors (4096K)
 Metaspace       used 104464K, capacity 107945K, committed 108036K, reserved 610304K
  class space    used 13577K, capacity 14987K, committed 15052K, reserved 516096K
}
Event: 46.087 GC heap before
{Heap before GC invocations=72 (full 0):
 garbage-first heap   total 215040K, used 171857K [0x0000000080000000, 0x0000000100000000)
  region size 1024K, 30 young (30720K), 4 survivors (4096K)
 Metaspace       used 106208K, capacity 109800K, committed 110084K, reserved 612352K
  class space    used 13795K, capacity 15216K, committed 15308K, reserved 516096K
}
Event: 46.091 GC heap after
{Heap after GC invocations=73 (full 0):
 garbage-first heap   total 215040K, used 147651K [0x0000000080000000, 0x0000000100000000)
  region size 1024K, 1 young (1024K), 1 survivors (1024K)
 Metaspace       used 106208K, capacity 109800K, committed 110084K, reserved 612352K
  class space    used 13795K, capacity 15216K, committed 15308K, reserved 516096K
}
Event: 46.449 GC heap before
{Heap before GC invocations=73 (full 0):
 garbage-first heap   total 215040K, used 174275K [0x0000000080000000, 0x0000000100000000)
  region size 1024K, 27 young (27648K), 1 survivors (1024K)
 Metaspace       used 107713K, capacity 111300K, committed 111620K, reserved 612352K
  class space    used 13999K, capacity 15425K, committed 15564K, reserved 516096K
}
Event: 46.452 GC heap after
{Heap after GC invocations=74 (full 0):
 garbage-first heap   total 215040K, used 148816K [0x0000000080000000, 0x0000000100000000)
  region size 1024K, 3 young (3072K), 3 survivors (3072K)
 Metaspace       used 107713K, capacity 111300K, committed 111620K, reserved 612352K
  class space    used 13999K, capacity 15425K, committed 15564K, reserved 516096K
}
Event: 46.795 GC heap before
{Heap before GC invocations=74 (full 0):
 garbage-first heap   total 215040K, used 174416K [0x0000000080000000, 0x0000000100000000)
  region size 1024K, 29 young (29696K), 3 survivors (3072K)
 Metaspace       used 109473K, capacity 113183K, committed 113412K, reserved 614400K
  class space    used 14253K, capacity 15751K, committed 15820K, reserved 516096K
}
Event: 46.799 GC heap after
{Heap after GC invocations=75 (full 0):
 garbage-first heap   total 215040K, used 150355K [0x0000000080000000, 0x0000000100000000)
  region size 1024K, 4 young (4096K), 4 survivors (4096K)
 Metaspace       used 109473K, capacity 113183K, committed 113412K, reserved 614400K
  class space    used 14253K, capacity 15751K, committed 15820K, reserved 516096K
}
Event: 47.148 GC heap before
{Heap before GC invocations=75 (full 0):
 garbage-first heap   total 215040K, used 178003K [0x0000000080000000, 0x0000000100000000)
  region size 1024K, 31 young (31744K), 4 survivors (4096K)
 Metaspace       used 111231K, capacity 114951K, committed 115204K, reserved 616448K
  class space    used 14472K, capacity 16008K, committed 16076K, reserved 516096K
}
Event: 47.154 GC heap after
{Heap after GC invocations=76 (full 0):
 garbage-first heap   total 215040K, used 152978K [0x0000000080000000, 0x0000000100000000)
  region size 1024K, 4 young (4096K), 4 survivors (4096K)
 Metaspace       used 111231K, capacity 114951K, committed 115204K, reserved 616448K
  class space    used 14472K, capacity 16008K, committed 16076K, reserved 516096K
}
Event: 47.504 GC heap before
{Heap before GC invocations=76 (full 0):
 garbage-first heap   total 215040K, used 180626K [0x0000000080000000, 0x0000000100000000)
  region size 1024K, 31 young (31744K), 4 survivors (4096K)
 Metaspace       used 112060K, capacity 115776K, committed 116100K, reserved 616448K
  class space    used 14560K, capacity 16101K, committed 16204K, reserved 516096K
}
Event: 47.512 GC heap after
{Heap after GC invocations=77 (full 0):
 garbage-first heap   total 215040K, used 158821K [0x0000000080000000, 0x0000000100000000)
  region size 1024K, 4 young (4096K), 4 survivors (4096K)
 Metaspace       used 112060K, capacity 115776K, committed 116100K, reserved 616448K
  class space    used 14560K, capacity 16101K, committed 16204K, reserved 516096K
}
Event: 47.836 GC heap before
{Heap before GC invocations=77 (full 0):
 garbage-first heap   total 215040K, used 181349K [0x0000000080000000, 0x0000000100000000)
  region size 1024K, 26 young (26624K), 4 survivors (4096K)
 Metaspace       used 113198K, capacity 117093K, committed 117252K, reserved 618496K
  class space    used 14687K, capacity 16235K, committed 16332K, reserved 516096K
}
Event: 47.842 GC heap after
{Heap after GC invocations=78 (full 0):
 garbage-first heap   total 215040K, used 161958K [0x0000000080000000, 0x0000000100000000)
  region size 1024K, 3 young (3072K), 3 survivors (3072K)
 Metaspace       used 113198K, capacity 117093K, committed 117252K, reserved 618496K
  class space    used 14687K, capacity 16235K, committed 16332K, reserved 516096K
}
Event: 48.207 GC heap before
{Heap before GC invocations=78 (full 0):
 garbage-first heap   total 215040K, used 182438K [0x0000000080000000, 0x0000000100000000)
  region size 1024K, 23 young (23552K), 3 survivors (3072K)
 Metaspace       used 114193K, capacity 118191K, committed 118404K, reserved 618496K
  class space    used 14805K, capacity 16375K, committed 16460K, reserved 516096K
}
Event: 48.211 GC heap after
{Heap after GC invocations=79 (full 0):
 garbage-first heap   total 215040K, used 165037K [0x0000000080000000, 0x0000000100000000)
  region size 1024K, 3 young (3072K), 3 survivors (3072K)
 Metaspace       used 114193K, capacity 118191K, committed 118404K, reserved 618496K
  class space    used 14805K, capacity 16375K, committed 16460K, reserved 516096K
}

