# JRE version: OpenJDK Runtime Environment 18.9 (11.0.15+10) (build 11.0.15+10)
# Java VM: OpenJDK 64-Bit Server VM 18.9 (11.0.15+10, mixed mode, tiered, compressed oops, g1 gc, windows-amd64)
Heap:
 garbage-first heap   total 203776K, used 139140K [0x0000000080000000, 0x0000000100000000)
  region size 1024K, 16 young (16384K), 4 survivors (4096K)
 Metaspace       used 98756K, capacity 102085K, committed 102404K, reserved 606208K
  class space    used 12912K, capacity 14189K, committed 14284K, reserved 516096K
GC Heap History (20 events):
Event: 34.132 GC heap before
{Heap before GC invocations=54 (full 0):
 garbage-first heap   total 120832K, used 114127K [0x0000000080000000, 0x0000000100000000)
  region size 1024K, 5 young (5120K), 1 survivors (1024K)
 Metaspace       used 95030K, capacity 98093K, committed 98180K, reserved 602112K
  class space    used 12439K, capacity 13618K, committed 13644K, reserved 516096K
}
Event: 34.134 GC heap after
{Heap after GC invocations=55 (full 0):
 garbage-first heap   total 120832K, used 112567K [0x0000000080000000, 0x0000000100000000)
  region size 1024K, 1 young (1024K), 1 survivors (1024K)
 Metaspace       used 95030K, capacity 98093K, committed 98180K, reserved 602112K
  class space    used 12439K, capacity 13618K, committed 13644K, reserved 516096K
}
Event: 34.202 GC heap before
{Heap before GC invocations=56 (full 0):
 garbage-first heap   total 120832K, used 116663K [0x0000000080000000, 0x0000000100000000)
  region size 1024K, 5 young (5120K), 1 survivors (1024K)
 Metaspace       used 95336K, capacity 98390K, committed 98564K, reserved 602112K
  class space    used 12484K, capacity 13651K, committed 13772K, reserved 516096K
}
Event: 34.203 GC heap after
{Heap after GC invocations=57 (full 0):
 garbage-first heap   total 120832K, used 112688K [0x0000000080000000, 0x0000000100000000)
  region size 1024K, 1 young (1024K), 1 survivors (1024K)
 Metaspace       used 95336K, capacity 98390K, committed 98564K, reserved 602112K
  class space    used 12484K, capacity 13651K, committed 13772K, reserved 516096K
}
Event: 34.253 GC heap before
{Heap before GC invocations=57 (full 0):
 garbage-first heap   total 120832K, used 116784K [0x0000000080000000, 0x0000000100000000)
  region size 1024K, 5 young (5120K), 1 survivors (1024K)
 Metaspace       used 95604K, capacity 98678K, committed 98820K, reserved 602112K
  class space    used 12518K, capacity 13683K, committed 13772K, reserved 516096K
}
Event: 34.256 GC heap after
{Heap after GC invocations=58 (full 0):
 garbage-first heap   total 121856K, used 110995K [0x0000000080000000, 0x0000000100000000)
  region size 1024K, 1 young (1024K), 1 survivors (1024K)
 Metaspace       used 95604K, capacity 98678K, committed 98820K, reserved 602112K
  class space    used 12518K, capacity 13683K, committed 13772K, reserved 516096K
}
Event: 34.312 GC heap before
{Heap before GC invocations=58 (full 0):
 garbage-first heap   total 121856K, used 115091K [0x0000000080000000, 0x0000000100000000)
  region size 1024K, 5 young (5120K), 1 survivors (1024K)
 Metaspace       used 95921K, capacity 98966K, committed 99076K, reserved 602112K
  class space    used 12554K, capacity 13715K, committed 13772K, reserved 516096K
}
Event: 34.314 GC heap after
{Heap after GC invocations=59 (full 0):
 garbage-first heap   total 121856K, used 111077K [0x0000000080000000, 0x0000000100000000)
  region size 1024K, 1 young (1024K), 1 survivors (1024K)
 Metaspace       used 95921K, capacity 98966K, committed 99076K, reserved 602112K
  class space    used 12554K, capacity 13715K, committed 13772K, reserved 516096K
}
Event: 34.375 GC heap before
{Heap before GC invocations=59 (full 0):
 garbage-first heap   total 121856K, used 115173K [0x0000000080000000, 0x0000000100000000)
  region size 1024K, 5 young (5120K), 1 survivors (1024K)
 Metaspace       used 96141K, capacity 99132K, committed 99332K, reserved 602112K
  class space    used 12576K, capacity 13748K, committed 13772K, reserved 516096K
}
Event: 34.377 GC heap after
{Heap after GC invocations=60 (full 0):
 garbage-first heap   total 146432K, used 111532K [0x0000000080000000, 0x0000000100000000)
  region size 1024K, 1 young (1024K), 1 survivors (1024K)
 Metaspace       used 96141K, capacity 99132K, committed 99332K, reserved 602112K
  class space    used 12576K, capacity 13748K, committed 13772K, reserved 516096K
}
Event: 34.476 GC heap before
{Heap before GC invocations=61 (full 0):
 garbage-first heap   total 146432K, used 119724K [0x0000000080000000, 0x0000000100000000)
  region size 1024K, 9 young (9216K), 1 survivors (1024K)
 Metaspace       used 96387K, capacity 99371K, committed 99716K, reserved 602112K
  class space    used 12609K, capacity 13785K, committed 13900K, reserved 516096K
}
Event: 34.478 GC heap after
{Heap after GC invocations=62 (full 0):
 garbage-first heap   total 146432K, used 111981K [0x0000000080000000, 0x0000000100000000)
  region size 1024K, 2 young (2048K), 2 survivors (2048K)
 Metaspace       used 96387K, capacity 99371K, committed 99716K, reserved 602112K
  class space    used 12609K, capacity 13785K, committed 13900K, reserved 516096K
}
Event: 34.566 GC heap before
{Heap before GC invocations=62 (full 0):
 garbage-first heap   total 146432K, used 120173K [0x0000000080000000, 0x0000000100000000)
  region size 1024K, 10 young (10240K), 2 survivors (2048K)
 Metaspace       used 96840K, capacity 99999K, committed 100100K, reserved 604160K
  class space    used 12685K, capacity 13937K, committed 14028K, reserved 516096K
}
Event: 34.569 GC heap after
{Heap after GC invocations=63 (full 0):
 garbage-first heap   total 146432K, used 112810K [0x0000000080000000, 0x0000000100000000)
  region size 1024K, 2 young (2048K), 2 survivors (2048K)
 Metaspace       used 96840K, capacity 99999K, committed 100100K, reserved 604160K
  class space    used 12685K, capacity 13937K, committed 14028K, reserved 516096K
}
Event: 34.671 GC heap before
{Heap before GC invocations=63 (full 0):
 garbage-first heap   total 146432K, used 122026K [0x0000000080000000, 0x0000000100000000)
  region size 1024K, 11 young (11264K), 2 survivors (2048K)
 Metaspace       used 97015K, capacity 100211K, committed 100356K, reserved 604160K
  class space    used 12702K, capacity 13940K, committed 14028K, reserved 516096K
}
Event: 34.674 GC heap after
{Heap after GC invocations=64 (full 0):
 garbage-first heap   total 146432K, used 113986K [0x0000000080000000, 0x0000000100000000)
  region size 1024K, 2 young (2048K), 2 survivors (2048K)
 Metaspace       used 97015K, capacity 100211K, committed 100356K, reserved 604160K
  class space    used 12702K, capacity 13940K, committed 14028K, reserved 516096K
}
Event: 34.794 GC heap before
{Heap before GC invocations=64 (full 0):
 garbage-first heap   total 146432K, used 123202K [0x0000000080000000, 0x0000000100000000)
  region size 1024K, 11 young (11264K), 2 survivors (2048K)
 Metaspace       used 97527K, capacity 100636K, committed 100996K, reserved 604160K
  class space    used 12770K, capacity 14038K, committed 14156K, reserved 516096K
}
Event: 34.798 GC heap after
{Heap after GC invocations=65 (full 0):
 garbage-first heap   total 203776K, used 114788K [0x0000000080000000, 0x0000000100000000)
  region size 1024K, 1 young (1024K), 1 survivors (1024K)
 Metaspace       used 97527K, capacity 100636K, committed 100996K, reserved 604160K
  class space    used 12770K, capacity 14038K, committed 14156K, reserved 516096K
}
Event: 36.402 GC heap before
{Heap before GC invocations=65 (full 0):
 garbage-first heap   total 203776K, used 150628K [0x0000000080000000, 0x0000000100000000)
  region size 1024K, 29 young (29696K), 1 survivors (1024K)
 Metaspace       used 97852K, capacity 101182K, committed 101508K, reserved 604160K
  class space    used 12792K, capacity 14060K, committed 14156K, reserved 516096K
}
Event: 36.408 GC heap after
{Heap after GC invocations=66 (full 0):
 garbage-first heap   total 203776K, used 127876K [0x0000000080000000, 0x0000000100000000)
  region size 1024K, 4 young (4096K), 4 survivors (4096K)
 Metaspace       used 97852K, capacity 101182K, committed 101508K, reserved 604160K
  class space    used 12792K, capacity 14060K, committed 14156K, reserved 516096K
}

